<?xml version="1.0" encoding="UTF-8"?>
<testsuite xmlns:xsi="http://www.w3.org/2001/XMLSchema-instance" xsi:noNamespaceSchemaLocation="https://maven.apache.org/surefire/maven-surefire-plugin/xsd/surefire-test-report-3.0.xsd" version="3.0" name="com.workout_planner_service.infrasctructure.adapters.outbound.persistence.WorkoutPersistenceAdapterTest" time="7.179" tests="2" errors="0" skipped="0" failures="0">
  <properties>
[...]
</properties>
  <testcase name="shouldRetrieveWorkoutsSuccessfully" classname="com.workout_planner_service.infrasctructure.adapters.outbound.persistence.WorkoutPersistenceAdapterTest" time="0.531">
    <system-out><![CDATA[14:53:16.564 [main] INFO org.springframework.test.context.support.AnnotationConfigContextLoaderUtils -- Could not detect default configuration classes for test class [com.workout_planner_service.infrasctructure.adapters.outbound.persistence.WorkoutPersistenceAdapterTest]: WorkoutPersistenceAdapterTest does not declare any static, non-private, non-final, nested classes annotated with @Configuration.
14:53:16.660 [main] INFO org.springframework.boot.test.context.SpringBootTestContextBootstrapper -- Found @SpringBootConfiguration com.workout_planner_service.infrasctructure.adapters.outbound.persistence.TestConfig for test class com.workout_planner_service.infrasctructure.adapters.outbound.persistence.WorkoutPersistenceAdapterTest
14:53:16.779 [main] INFO org.testcontainers.utility.ImageNameSubstitutor -- Image name substitution will be performed by: DefaultImageNameSubstitutor (composite of 'ConfigurationFileImageNameSubstitutor' and 'PrefixingImageNameSubstitutor')
14:53:16.954 [main] INFO org.testcontainers.dockerclient.DockerClientProviderStrategy -- Loaded org.testcontainers.dockerclient.NpipeSocketClientProviderStrategy from ~/.testcontainers.properties, will try it first
14:53:17.178 [main] INFO org.testcontainers.dockerclient.DockerClientProviderStrategy -- Found Docker environment with local Npipe socket (npipe:////./pipe/docker_engine)
14:53:17.179 [main] INFO org.testcontainers.DockerClientFactory -- Docker host IP address is localhost
14:53:17.193 [main] INFO org.testcontainers.DockerClientFactory -- Connected to docker: 
  Server Version: 27.2.0
  API Version: 1.47
  Operating System: Docker Desktop
  Total Memory: 15957 MB
14:53:17.209 [main] INFO tc.testcontainers/ryuk:0.5.1 -- Creating container for image: testcontainers/ryuk:0.5.1
14:53:17.516 [main] INFO tc.testcontainers/ryuk:0.5.1 -- Container testcontainers/ryuk:0.5.1 is starting: de3a6f6124bc4a23dbb53cfaffeaa79b359f947bc658122799cc75e08481799a
14:53:17.881 [main] INFO tc.testcontainers/ryuk:0.5.1 -- Container testcontainers/ryuk:0.5.1 started in PT0.6820607S
14:53:17.886 [main] INFO org.testcontainers.utility.RyukResourceReaper -- Ryuk started - will monitor and terminate Testcontainers containers on JVM exit
14:53:17.886 [main] INFO org.testcontainers.DockerClientFactory -- Checking the system...
14:53:17.886 [main] INFO org.testcontainers.DockerClientFactory -- ?? Docker server version should be at least 1.6.0
14:53:17.895 [main] INFO tc.library/postgres:17.0 -- Creating container for image: library/postgres:17.0
14:53:17.942 [main] INFO tc.library/postgres:17.0 -- Container library/postgres:17.0 is starting: 78d00ff6841c0df0e364b78bd4add568709de97854b10a19814440da7fb32db4
14:53:19.345 [main] INFO tc.library/postgres:17.0 -- Container library/postgres:17.0 started in PT1.4592714S
14:53:19.346 [main] INFO tc.library/postgres:17.0 -- Container is started (JDBC URL: jdbc:postgresql://localhost:49247/workout-planner?loggerLevel=OFF)

  .   ____          _            __ _ _
 /\\ / ___'_ __ _ _(_)_ __  __ _ \ \ \ \
( ( )\___ | '_ | '_| | '_ \/ _` | \ \ \ \
 \\/  ___)| |_)| | | | | || (_| |  ) ) ) )
  '  |____| .__|_| |_|_| |_\__, | / / / /
 =========|_|==============|___/=/_/_/_/

 :: Spring Boot ::                (v3.3.4)

2024-10-26T14:53:19.647+01:00  INFO 30868 --- [workout-planner] [           main] .w.i.a.o.p.WorkoutPersistenceAdapterTest : Starting WorkoutPersistenceAdapterTest using Java 17.0.12 with PID 30868 (started by guilh in C:\Users\guilh\Documents\GitHub\workout-planner-service)
2024-10-26T14:53:19.648+01:00  INFO 30868 --- [workout-planner] [           main] .w.i.a.o.p.WorkoutPersistenceAdapterTest : The following 1 profile is active: "test"
2024-10-26T14:53:19.914+01:00  INFO 30868 --- [workout-planner] [           main] .s.d.r.c.RepositoryConfigurationDelegate : Bootstrapping Spring Data JPA repositories in DEFAULT mode.
2024-10-26T14:53:19.952+01:00  INFO 30868 --- [workout-planner] [           main] .s.d.r.c.RepositoryConfigurationDelegate : Finished Spring Data repository scanning in 30 ms. Found 1 JPA repository interface.
2024-10-26T14:53:20.713+01:00  INFO 30868 --- [workout-planner] [           main] liquibase.changelog                      : Reading resource: db/changelog/versions/1.0/1-changelog-add_user_table.yaml
2024-10-26T14:53:20.724+01:00  INFO 30868 --- [workout-planner] [           main] liquibase.changelog                      : Reading resource: db/changelog/versions/1.0/2-changelog-add_workout_table.yaml
2024-10-26T14:53:20.728+01:00  INFO 30868 --- [workout-planner] [           main] liquibase.changelog                      : Reading resource: db/changelog/versions/1.0/3-changelog-add_exercise_type_table.yaml
2024-10-26T14:53:20.732+01:00  INFO 30868 --- [workout-planner] [           main] liquibase.changelog                      : Reading resource: db/changelog/versions/1.0/4-changelog-add_exercise_category_table.yaml
2024-10-26T14:53:20.735+01:00  INFO 30868 --- [workout-planner] [           main] liquibase.changelog                      : Reading resource: db/changelog/versions/1.0/5-changelog-add_exercise_table.yaml
2024-10-26T14:53:20.740+01:00  INFO 30868 --- [workout-planner] [           main] liquibase.changelog                      : Reading resource: db/changelog/versions/1.0/6-changelog-add_exercise_instructions_table.yaml
2024-10-26T14:53:20.744+01:00  INFO 30868 --- [workout-planner] [           main] liquibase.changelog                      : Reading resource: db/changelog/versions/1.0/7-changelog-add_workout_exercises_table.yaml
2024-10-26T14:53:20.748+01:00  INFO 30868 --- [workout-planner] [           main] liquibase.changelog                      : Reading resource: db/changelog/versions/1.0/8-changelog-add_workout_records_table.yaml
2024-10-26T14:53:20.790+01:00  INFO 30868 --- [workout-planner] [           main] liquibase.changelog                      : Creating database history table with name: public.databasechangelog
2024-10-26T14:53:20.884+01:00  INFO 30868 --- [workout-planner] [           main] liquibase.changelog                      : Reading from public.databasechangelog
2024-10-26T14:53:20.982+01:00  INFO 30868 --- [workout-planner] [           main] liquibase.lockservice                    : Successfully acquired change log lock
2024-10-26T14:53:20.983+01:00  INFO 30868 --- [workout-planner] [           main] liquibase.command                        : Using deploymentId: 9950800983
2024-10-26T14:53:20.985+01:00  INFO 30868 --- [workout-planner] [           main] liquibase.changelog                      : Reading from public.databasechangelog
2024-10-26T14:53:21.015+01:00  INFO 30868 --- [workout-planner] [           main] liquibase.ui                             : Running Changeset: db/changelog/versions/1.0/1-changelog-add_user_table.yaml::1::WorkoutPlanner
2024-10-26T14:53:21.022+01:00  INFO 30868 --- [workout-planner] [           main] liquibase.changelog                      : Table users created
2024-10-26T14:53:21.024+01:00  INFO 30868 --- [workout-planner] [           main] liquibase.changelog                      : ChangeSet db/changelog/versions/1.0/1-changelog-add_user_table.yaml::1::WorkoutPlanner ran successfully in 7ms
2024-10-26T14:53:21.030+01:00  INFO 30868 --- [workout-planner] [           main] liquibase.ui                             : Running Changeset: db/changelog/versions/1.0/2-changelog-add_workout_table.yaml::2::WorkoutPlanner
2024-10-26T14:53:21.034+01:00  INFO 30868 --- [workout-planner] [           main] liquibase.changelog                      : Table workouts created
2024-10-26T14:53:21.037+01:00  INFO 30868 --- [workout-planner] [           main] liquibase.changelog                      : Foreign key constraint added to workouts (owner)
2024-10-26T14:53:21.038+01:00  INFO 30868 --- [workout-planner] [           main] liquibase.changelog                      : ChangeSet db/changelog/versions/1.0/2-changelog-add_workout_table.yaml::2::WorkoutPlanner ran successfully in 8ms
2024-10-26T14:53:21.041+01:00  INFO 30868 --- [workout-planner] [           main] liquibase.ui                             : Running Changeset: db/changelog/versions/1.0/3-changelog-add_exercise_type_table.yaml::3::WorkoutPlanner
2024-10-26T14:53:21.044+01:00  INFO 30868 --- [workout-planner] [           main] liquibase.changelog                      : Table exercise_types created
2024-10-26T14:53:21.045+01:00  INFO 30868 --- [workout-planner] [           main] liquibase.changelog                      : ChangeSet db/changelog/versions/1.0/3-changelog-add_exercise_type_table.yaml::3::WorkoutPlanner ran successfully in 4ms
2024-10-26T14:53:21.049+01:00  INFO 30868 --- [workout-planner] [           main] liquibase.ui                             : Running Changeset: db/changelog/versions/1.0/4-changelog-add_exercise_category_table.yaml::4::WorkoutPlanner
2024-10-26T14:53:21.052+01:00  INFO 30868 --- [workout-planner] [           main] liquibase.changelog                      : Table exercise_categories created
2024-10-26T14:53:21.054+01:00  INFO 30868 --- [workout-planner] [           main] liquibase.changelog                      : Foreign key constraint added to exercise_categories (owner)
2024-10-26T14:53:21.055+01:00  INFO 30868 --- [workout-planner] [           main] liquibase.changelog                      : ChangeSet db/changelog/versions/1.0/4-changelog-add_exercise_category_table.yaml::4::WorkoutPlanner ran successfully in 6ms
2024-10-26T14:53:21.062+01:00  INFO 30868 --- [workout-planner] [           main] liquibase.ui                             : Running Changeset: db/changelog/versions/1.0/5-changelog-add_exercise_table.yaml::5::WorkoutPlanner
2024-10-26T14:53:21.066+01:00  INFO 30868 --- [workout-planner] [           main] liquibase.changelog                      : Table exercises created
2024-10-26T14:53:21.068+01:00  INFO 30868 --- [workout-planner] [           main] liquibase.changelog                      : Foreign key constraint added to exercises (category_id)
2024-10-26T14:53:21.070+01:00  INFO 30868 --- [workout-planner] [           main] liquibase.changelog                      : Foreign key constraint added to exercises (exercise_type_id)
2024-10-26T14:53:21.071+01:00  INFO 30868 --- [workout-planner] [           main] liquibase.changelog                      : Foreign key constraint added to exercises (owner)
2024-10-26T14:53:21.072+01:00  INFO 30868 --- [workout-planner] [           main] liquibase.changelog                      : ChangeSet db/changelog/versions/1.0/5-changelog-add_exercise_table.yaml::5::WorkoutPlanner ran successfully in 10ms
2024-10-26T14:53:21.077+01:00  INFO 30868 --- [workout-planner] [           main] liquibase.ui                             : Running Changeset: db/changelog/versions/1.0/6-changelog-add_exercise_instructions_table.yaml::6::WorkoutPlanner
2024-10-26T14:53:21.082+01:00  INFO 30868 --- [workout-planner] [           main] liquibase.changelog                      : Table exercise_instructions created
2024-10-26T14:53:21.084+01:00  INFO 30868 --- [workout-planner] [           main] liquibase.changelog                      : Foreign key constraint added to exercise_instructions (exercise_id)
2024-10-26T14:53:21.085+01:00  INFO 30868 --- [workout-planner] [           main] liquibase.changelog                      : Foreign key constraint added to exercise_instructions (owner)
2024-10-26T14:53:21.086+01:00  INFO 30868 --- [workout-planner] [           main] liquibase.changelog                      : ChangeSet db/changelog/versions/1.0/6-changelog-add_exercise_instructions_table.yaml::6::WorkoutPlanner ran successfully in 9ms
2024-10-26T14:53:21.090+01:00  INFO 30868 --- [workout-planner] [           main] liquibase.ui                             : Running Changeset: db/changelog/versions/1.0/7-changelog-add_workout_exercises_table.yaml::7::WorkoutPlanner
2024-10-26T14:53:21.093+01:00  INFO 30868 --- [workout-planner] [           main] liquibase.changelog                      : Table workout_exercises created
2024-10-26T14:53:21.095+01:00  INFO 30868 --- [workout-planner] [           main] liquibase.changelog                      : Primary key added to workout_exercises (workout_id, exercise_id)
2024-10-26T14:53:21.098+01:00  INFO 30868 --- [workout-planner] [           main] liquibase.changelog                      : Foreign key constraint added to workout_exercises (workout_id)
2024-10-26T14:53:21.100+01:00  INFO 30868 --- [workout-planner] [           main] liquibase.changelog                      : Foreign key constraint added to workout_exercises (exercise_id)
2024-10-26T14:53:21.101+01:00  INFO 30868 --- [workout-planner] [           main] liquibase.changelog                      : ChangeSet db/changelog/versions/1.0/7-changelog-add_workout_exercises_table.yaml::7::WorkoutPlanner ran successfully in 10ms
2024-10-26T14:53:21.107+01:00  INFO 30868 --- [workout-planner] [           main] liquibase.ui                             : Running Changeset: db/changelog/versions/1.0/8-changelog-add_workout_records_table.yaml::8::WorkoutPlanner
2024-10-26T14:53:21.112+01:00  INFO 30868 --- [workout-planner] [           main] liquibase.changelog                      : Table workout_records created
2024-10-26T14:53:21.114+01:00  INFO 30868 --- [workout-planner] [           main] liquibase.changelog                      : Foreign key constraint added to workout_records (workout_id)
2024-10-26T14:53:21.116+01:00  INFO 30868 --- [workout-planner] [           main] liquibase.changelog                      : Foreign key constraint added to workout_records (exercise_id)
2024-10-26T14:53:21.118+01:00  INFO 30868 --- [workout-planner] [           main] liquibase.changelog                      : ChangeSet db/changelog/versions/1.0/8-changelog-add_workout_records_table.yaml::8::WorkoutPlanner ran successfully in 11ms
2024-10-26T14:53:21.125+01:00  INFO 30868 --- [workout-planner] [           main] liquibase.util                           : UPDATE SUMMARY
2024-10-26T14:53:21.125+01:00  INFO 30868 --- [workout-planner] [           main] liquibase.util                           : Run:                          8
2024-10-26T14:53:21.125+01:00  INFO 30868 --- [workout-planner] [           main] liquibase.util                           : Previously run:               0
2024-10-26T14:53:21.125+01:00  INFO 30868 --- [workout-planner] [           main] liquibase.util                           : Filtered out:                 0
2024-10-26T14:53:21.125+01:00  INFO 30868 --- [workout-planner] [           main] liquibase.util                           : -------------------------------
2024-10-26T14:53:21.126+01:00  INFO 30868 --- [workout-planner] [           main] liquibase.util                           : Total change sets:            8
2024-10-26T14:53:21.127+01:00  INFO 30868 --- [workout-planner] [           main] liquibase.util                           : Update summary generated
2024-10-26T14:53:21.129+01:00  INFO 30868 --- [workout-planner] [           main] liquibase.command                        : Update command completed successfully.
2024-10-26T14:53:21.129+01:00  INFO 30868 --- [workout-planner] [           main] liquibase.ui                             : Liquibase: Update has been successful. Rows affected: 8
2024-10-26T14:53:21.134+01:00  INFO 30868 --- [workout-planner] [           main] liquibase.lockservice                    : Successfully released change log lock
2024-10-26T14:53:21.136+01:00  INFO 30868 --- [workout-planner] [           main] liquibase.command                        : Command execution complete
2024-10-26T14:53:21.150+01:00  INFO 30868 --- [workout-planner] [           main] com.zaxxer.hikari.HikariDataSource       : HikariPool-1 - Starting...
2024-10-26T14:53:21.178+01:00  INFO 30868 --- [workout-planner] [           main] com.zaxxer.hikari.pool.HikariPool        : HikariPool-1 - Added connection org.postgresql.jdbc.PgConnection@57927bc9
2024-10-26T14:53:21.180+01:00  INFO 30868 --- [workout-planner] [           main] com.zaxxer.hikari.HikariDataSource       : HikariPool-1 - Start completed.
2024-10-26T14:53:21.263+01:00  INFO 30868 --- [workout-planner] [           main] o.hibernate.jpa.internal.util.LogHelper  : HHH000204: Processing PersistenceUnitInfo [name: default]
2024-10-26T14:53:21.324+01:00  INFO 30868 --- [workout-planner] [           main] org.hibernate.Version                    : HHH000412: Hibernate ORM core version 6.5.3.Final
2024-10-26T14:53:21.362+01:00  INFO 30868 --- [workout-planner] [           main] o.h.c.internal.RegionFactoryInitiator    : HHH000026: Second-level cache disabled
2024-10-26T14:53:21.491+01:00  WARN 30868 --- [workout-planner] [           main] org.hibernate.orm.deprecation            : HHH90000025: PostgreSQLDialect does not need to be specified explicitly using 'hibernate.dialect' (remove the property setting and it will be selected by default)
2024-10-26T14:53:21.711+01:00  INFO 30868 --- [workout-planner] [           main] o.s.o.j.p.SpringPersistenceUnitInfo      : No LoadTimeWeaver setup: ignoring JPA class transformer
2024-10-26T14:53:22.491+01:00  INFO 30868 --- [workout-planner] [           main] o.h.e.t.j.p.i.JtaPlatformInitiator       : HHH000489: No JTA platform available (set 'hibernate.transaction.jta.platform' to enable JTA platform integration)
2024-10-26T14:53:22.493+01:00  INFO 30868 --- [workout-planner] [           main] j.LocalContainerEntityManagerFactoryBean : Initialized JPA EntityManagerFactory for persistence unit 'default'
2024-10-26T14:53:22.707+01:00  INFO 30868 --- [workout-planner] [           main] o.s.d.j.r.query.QueryEnhancerFactory     : Hibernate is in classpath; If applicable, HQL parser will be used.
2024-10-26T14:53:23.045+01:00  INFO 30868 --- [workout-planner] [           main] .w.i.a.o.p.WorkoutPersistenceAdapterTest : Started WorkoutPersistenceAdapterTest in 3.673 seconds (process running for 7.132)
Hibernate: select wje1_0.id,wje1_0.created_at,wje1_0.name,wje1_0.owner from public.workouts wje1_0 where wje1_0.owner=?
Hibernate: select uje1_0.id,uje1_0.email,uje1_0.first_name,uje1_0.last_name from public.users uje1_0 where uje1_0.id=?
]]></system-out>
  </testcase>
  <testcase name="shouldThrowExceptionWhenUserIdIsNull" classname="com.workout_planner_service.infrasctructure.adapters.outbound.persistence.WorkoutPersistenceAdapterTest" time="0.005"/>
</testsuite>