<?xml version="1.0" encoding="UTF-8"?>
<testsuite xmlns:xsi="http://www.w3.org/2001/XMLSchema-instance" xsi:noNamespaceSchemaLocation="https://maven.apache.org/surefire/maven-surefire-plugin/xsd/surefire-test-report-3.0.xsd" version="3.0" name="com.workout_planner_service.infrastructure.adapters.outbound.persistence.ExerciseCategoryPersistenceAdapterTest" time="13.94" tests="8" errors="0" skipped="0" failures="0">
  <properties>
[...]
</properties>
  <testcase name="shouldDeleteAExerciseCategory" classname="com.workout_planner_service.infrastructure.adapters.outbound.persistence.ExerciseCategoryPersistenceAdapterTest" time="0.837">
    <system-out><![CDATA[17:20:18.293 [main] INFO org.springframework.test.context.support.AnnotationConfigContextLoaderUtils -- Could not detect default configuration classes for test class [com.workout_planner_service.infrastructure.adapters.outbound.persistence.ExerciseCategoryPersistenceAdapterTest]: ExerciseCategoryPersistenceAdapterTest does not declare any static, non-private, non-final, nested classes annotated with @Configuration.
17:20:18.436 [main] INFO org.springframework.boot.test.context.SpringBootTestContextBootstrapper -- Found @SpringBootConfiguration com.workout_planner_service.infrastructure.adapters.outbound.persistence.TestConfig for test class com.workout_planner_service.infrastructure.adapters.outbound.persistence.ExerciseCategoryPersistenceAdapterTest
17:20:18.597 [main] INFO org.testcontainers.utility.ImageNameSubstitutor -- Image name substitution will be performed by: DefaultImageNameSubstitutor (composite of 'ConfigurationFileImageNameSubstitutor' and 'PrefixingImageNameSubstitutor')
17:20:18.863 [main] INFO org.testcontainers.dockerclient.DockerClientProviderStrategy -- Loaded org.testcontainers.dockerclient.NpipeSocketClientProviderStrategy from ~/.testcontainers.properties, will try it first
17:20:19.198 [main] INFO org.testcontainers.dockerclient.DockerClientProviderStrategy -- Found Docker environment with local Npipe socket (npipe:////./pipe/docker_engine)
17:20:19.198 [main] INFO org.testcontainers.DockerClientFactory -- Docker host IP address is localhost
17:20:19.233 [main] INFO org.testcontainers.DockerClientFactory -- Connected to docker: 
  Server Version: 27.3.1
  API Version: 1.47
  Operating System: Docker Desktop
  Total Memory: 15394 MB
17:20:19.375 [main] INFO tc.testcontainers/ryuk:0.5.1 -- Creating container for image: testcontainers/ryuk:0.5.1
17:20:19.581 [main] INFO org.testcontainers.utility.RegistryAuthLocator -- Credential helper/store (docker-credential-desktop) does not have credentials for https://index.docker.io/v1/
17:20:19.899 [main] INFO tc.testcontainers/ryuk:0.5.1 -- Container testcontainers/ryuk:0.5.1 is starting: 5d80aac0bf4e4f665fff6130793fb1a431b61dcc38dba16686957695f2aba7af
17:20:20.797 [main] INFO tc.testcontainers/ryuk:0.5.1 -- Container testcontainers/ryuk:0.5.1 started in PT1.5561509S
17:20:20.808 [main] INFO org.testcontainers.utility.RyukResourceReaper -- Ryuk started - will monitor and terminate Testcontainers containers on JVM exit
17:20:20.808 [main] INFO org.testcontainers.DockerClientFactory -- Checking the system...
17:20:20.810 [main] INFO org.testcontainers.DockerClientFactory -- ✔︎ Docker server version should be at least 1.6.0
17:20:20.861 [main] INFO tc.library/postgres:17.0 -- Creating container for image: library/postgres:17.0
17:20:21.095 [main] INFO tc.library/postgres:17.0 -- Container library/postgres:17.0 is starting: c4270a33afe34aa70a20e6f7617ad32671c1a91cac40945dd65aa969eb8d466e
17:20:24.100 [main] INFO tc.library/postgres:17.0 -- Container library/postgres:17.0 started in PT3.2886004S
17:20:24.101 [main] INFO tc.library/postgres:17.0 -- Container is started (JDBC URL: jdbc:postgresql://localhost:63301/workout-planner?loggerLevel=OFF)

  .   ____          _            __ _ _
 /\\ / ___'_ __ _ _(_)_ __  __ _ \ \ \ \
( ( )\___ | '_ | '_| | '_ \/ _` | \ \ \ \
 \\/  ___)| |_)| | | | | || (_| |  ) ) ) )
  '  |____| .__|_| |_|_| |_\__, | / / / /
 =========|_|==============|___/=/_/_/_/

 :: Spring Boot ::                (v3.3.4)

2025-01-11T17:20:24.556Z  INFO 32672 --- [workout-planner] [           main] p.ExerciseCategoryPersistenceAdapterTest : Starting ExerciseCategoryPersistenceAdapterTest using Java 21.0.5 with PID 32672 (started by JimBob in C:\Users\JimBob\Documents\GitHub\workout-planner-service)
2025-01-11T17:20:24.556Z  INFO 32672 --- [workout-planner] [           main] p.ExerciseCategoryPersistenceAdapterTest : The following 1 profile is active: "test"
2025-01-11T17:20:25.036Z  INFO 32672 --- [workout-planner] [           main] .s.d.r.c.RepositoryConfigurationDelegate : Bootstrapping Spring Data JPA repositories in DEFAULT mode.
2025-01-11T17:20:25.101Z  INFO 32672 --- [workout-planner] [           main] .s.d.r.c.RepositoryConfigurationDelegate : Finished Spring Data repository scanning in 55 ms. Found 4 JPA repository interfaces.
2025-01-11T17:20:26.540Z  INFO 32672 --- [workout-planner] [           main] liquibase.changelog                      : Reading resource: db/changelog/versions/1.0/1-changelog-add_user_table.yaml
2025-01-11T17:20:26.575Z  INFO 32672 --- [workout-planner] [           main] liquibase.changelog                      : Reading resource: db/changelog/versions/1.0/2-changelog-add_workout_table.yaml
2025-01-11T17:20:26.580Z  INFO 32672 --- [workout-planner] [           main] liquibase.changelog                      : Reading resource: db/changelog/versions/1.0/3-changelog-add_exercise_type_table.yaml
2025-01-11T17:20:26.580Z  INFO 32672 --- [workout-planner] [           main] liquibase.changelog                      : Reading resource: db/changelog/versions/1.0/4-changelog-add_exercise_category_table.yaml
2025-01-11T17:20:26.596Z  INFO 32672 --- [workout-planner] [           main] liquibase.changelog                      : Reading resource: db/changelog/versions/1.0/5-changelog-add_exercise_table.yaml
2025-01-11T17:20:26.612Z  INFO 32672 --- [workout-planner] [           main] liquibase.changelog                      : Reading resource: db/changelog/versions/1.0/6-changelog-add_exercise_instructions_table.yaml
2025-01-11T17:20:26.622Z  INFO 32672 --- [workout-planner] [           main] liquibase.changelog                      : Reading resource: db/changelog/versions/1.0/7-changelog-add_workout_exercises_table.yaml
2025-01-11T17:20:26.627Z  INFO 32672 --- [workout-planner] [           main] liquibase.changelog                      : Reading resource: db/changelog/versions/1.0/8-changelog-add_workout_records_table.yaml
2025-01-11T17:20:26.725Z  INFO 32672 --- [workout-planner] [           main] liquibase.changelog                      : Creating database history table with name: public.databasechangelog
2025-01-11T17:20:26.885Z  INFO 32672 --- [workout-planner] [           main] liquibase.changelog                      : Reading from public.databasechangelog
2025-01-11T17:20:27.099Z  INFO 32672 --- [workout-planner] [           main] liquibase.lockservice                    : Successfully acquired change log lock
2025-01-11T17:20:27.102Z  INFO 32672 --- [workout-planner] [           main] liquibase.command                        : Using deploymentId: 6616027101
2025-01-11T17:20:27.107Z  INFO 32672 --- [workout-planner] [           main] liquibase.changelog                      : Reading from public.databasechangelog
2025-01-11T17:20:27.145Z  INFO 32672 --- [workout-planner] [           main] liquibase.ui                             : Running Changeset: db/changelog/versions/1.0/1-changelog-add_user_table.yaml::1::WorkoutPlanner
2025-01-11T17:20:27.170Z  INFO 32672 --- [workout-planner] [           main] liquibase.changelog                      : Table users created
2025-01-11T17:20:27.172Z  INFO 32672 --- [workout-planner] [           main] liquibase.changelog                      : ChangeSet db/changelog/versions/1.0/1-changelog-add_user_table.yaml::1::WorkoutPlanner ran successfully in 27ms
2025-01-11T17:20:27.181Z  INFO 32672 --- [workout-planner] [           main] liquibase.ui                             : Running Changeset: db/changelog/versions/1.0/2-changelog-add_workout_table.yaml::2::WorkoutPlanner
2025-01-11T17:20:27.192Z  INFO 32672 --- [workout-planner] [           main] liquibase.changelog                      : Table workouts created
2025-01-11T17:20:27.200Z  INFO 32672 --- [workout-planner] [           main] liquibase.changelog                      : Foreign key constraint added to workouts (owner)
2025-01-11T17:20:27.203Z  INFO 32672 --- [workout-planner] [           main] liquibase.changelog                      : ChangeSet db/changelog/versions/1.0/2-changelog-add_workout_table.yaml::2::WorkoutPlanner ran successfully in 21ms
2025-01-11T17:20:27.210Z  INFO 32672 --- [workout-planner] [           main] liquibase.ui                             : Running Changeset: db/changelog/versions/1.0/3-changelog-add_exercise_type_table.yaml::3::WorkoutPlanner
2025-01-11T17:20:27.218Z  INFO 32672 --- [workout-planner] [           main] liquibase.changelog                      : Table exercise_types created
2025-01-11T17:20:27.219Z  INFO 32672 --- [workout-planner] [           main] liquibase.changelog                      : ChangeSet db/changelog/versions/1.0/3-changelog-add_exercise_type_table.yaml::3::WorkoutPlanner ran successfully in 8ms
2025-01-11T17:20:27.227Z  INFO 32672 --- [workout-planner] [           main] liquibase.ui                             : Running Changeset: db/changelog/versions/1.0/4-changelog-add_exercise_category_table.yaml::4::WorkoutPlanner
2025-01-11T17:20:27.235Z  INFO 32672 --- [workout-planner] [           main] liquibase.changelog                      : Table exercise_categories created
2025-01-11T17:20:27.238Z  INFO 32672 --- [workout-planner] [           main] liquibase.changelog                      : Foreign key constraint added to exercise_categories (owner)
2025-01-11T17:20:27.241Z  INFO 32672 --- [workout-planner] [           main] liquibase.changelog                      : ChangeSet db/changelog/versions/1.0/4-changelog-add_exercise_category_table.yaml::4::WorkoutPlanner ran successfully in 13ms
2025-01-11T17:20:27.250Z  INFO 32672 --- [workout-planner] [           main] liquibase.ui                             : Running Changeset: db/changelog/versions/1.0/5-changelog-add_exercise_table.yaml::5::WorkoutPlanner
2025-01-11T17:20:27.258Z  INFO 32672 --- [workout-planner] [           main] liquibase.changelog                      : Table exercises created
2025-01-11T17:20:27.262Z  INFO 32672 --- [workout-planner] [           main] liquibase.changelog                      : Foreign key constraint added to exercises (category_id)
2025-01-11T17:20:27.266Z  INFO 32672 --- [workout-planner] [           main] liquibase.changelog                      : Foreign key constraint added to exercises (exercise_type_id)
2025-01-11T17:20:27.270Z  INFO 32672 --- [workout-planner] [           main] liquibase.changelog                      : Foreign key constraint added to exercises (owner)
2025-01-11T17:20:27.271Z  INFO 32672 --- [workout-planner] [           main] liquibase.changelog                      : ChangeSet db/changelog/versions/1.0/5-changelog-add_exercise_table.yaml::5::WorkoutPlanner ran successfully in 20ms
2025-01-11T17:20:27.280Z  INFO 32672 --- [workout-planner] [           main] liquibase.ui                             : Running Changeset: db/changelog/versions/1.0/6-changelog-add_exercise_instructions_table.yaml::6::WorkoutPlanner
2025-01-11T17:20:27.288Z  INFO 32672 --- [workout-planner] [           main] liquibase.changelog                      : Table exercise_instructions created
2025-01-11T17:20:27.291Z  INFO 32672 --- [workout-planner] [           main] liquibase.changelog                      : Foreign key constraint added to exercise_instructions (exercise_id)
2025-01-11T17:20:27.295Z  INFO 32672 --- [workout-planner] [           main] liquibase.changelog                      : Foreign key constraint added to exercise_instructions (owner)
2025-01-11T17:20:27.298Z  INFO 32672 --- [workout-planner] [           main] liquibase.changelog                      : ChangeSet db/changelog/versions/1.0/6-changelog-add_exercise_instructions_table.yaml::6::WorkoutPlanner ran successfully in 17ms
2025-01-11T17:20:27.304Z  INFO 32672 --- [workout-planner] [           main] liquibase.ui                             : Running Changeset: db/changelog/versions/1.0/7-changelog-add_workout_exercises_table.yaml::7::WorkoutPlanner
2025-01-11T17:20:27.310Z  INFO 32672 --- [workout-planner] [           main] liquibase.changelog                      : Table workout_exercises created
2025-01-11T17:20:27.314Z  INFO 32672 --- [workout-planner] [           main] liquibase.changelog                      : Primary key added to workout_exercises (workout_id, exercise_id)
2025-01-11T17:20:27.318Z  INFO 32672 --- [workout-planner] [           main] liquibase.changelog                      : Foreign key constraint added to workout_exercises (workout_id)
2025-01-11T17:20:27.322Z  INFO 32672 --- [workout-planner] [           main] liquibase.changelog                      : Foreign key constraint added to workout_exercises (exercise_id)
2025-01-11T17:20:27.323Z  INFO 32672 --- [workout-planner] [           main] liquibase.changelog                      : ChangeSet db/changelog/versions/1.0/7-changelog-add_workout_exercises_table.yaml::7::WorkoutPlanner ran successfully in 18ms
2025-01-11T17:20:27.331Z  INFO 32672 --- [workout-planner] [           main] liquibase.ui                             : Running Changeset: db/changelog/versions/1.0/8-changelog-add_workout_records_table.yaml::8::WorkoutPlanner
2025-01-11T17:20:27.337Z  INFO 32672 --- [workout-planner] [           main] liquibase.changelog                      : Table workout_records created
2025-01-11T17:20:27.340Z  INFO 32672 --- [workout-planner] [           main] liquibase.changelog                      : Foreign key constraint added to workout_records (workout_id)
2025-01-11T17:20:27.343Z  INFO 32672 --- [workout-planner] [           main] liquibase.changelog                      : Foreign key constraint added to workout_records (exercise_id)
2025-01-11T17:20:27.344Z  INFO 32672 --- [workout-planner] [           main] liquibase.changelog                      : ChangeSet db/changelog/versions/1.0/8-changelog-add_workout_records_table.yaml::8::WorkoutPlanner ran successfully in 12ms
2025-01-11T17:20:27.361Z  INFO 32672 --- [workout-planner] [           main] liquibase.util                           : UPDATE SUMMARY
2025-01-11T17:20:27.361Z  INFO 32672 --- [workout-planner] [           main] liquibase.util                           : Run:                          8
2025-01-11T17:20:27.361Z  INFO 32672 --- [workout-planner] [           main] liquibase.util                           : Previously run:               0
2025-01-11T17:20:27.361Z  INFO 32672 --- [workout-planner] [           main] liquibase.util                           : Filtered out:                 0
2025-01-11T17:20:27.361Z  INFO 32672 --- [workout-planner] [           main] liquibase.util                           : -------------------------------
2025-01-11T17:20:27.361Z  INFO 32672 --- [workout-planner] [           main] liquibase.util                           : Total change sets:            8
2025-01-11T17:20:27.361Z  INFO 32672 --- [workout-planner] [           main] liquibase.util                           : Update summary generated
2025-01-11T17:20:27.361Z  INFO 32672 --- [workout-planner] [           main] liquibase.command                        : Update command completed successfully.
2025-01-11T17:20:27.361Z  INFO 32672 --- [workout-planner] [           main] liquibase.ui                             : Liquibase: Update has been successful. Rows affected: 8
2025-01-11T17:20:27.378Z  INFO 32672 --- [workout-planner] [           main] liquibase.lockservice                    : Successfully released change log lock
2025-01-11T17:20:27.382Z  INFO 32672 --- [workout-planner] [           main] liquibase.command                        : Command execution complete
2025-01-11T17:20:27.424Z  INFO 32672 --- [workout-planner] [           main] com.zaxxer.hikari.HikariDataSource       : HikariPool-1 - Starting...
2025-01-11T17:20:27.469Z  INFO 32672 --- [workout-planner] [           main] com.zaxxer.hikari.pool.HikariPool        : HikariPool-1 - Added connection org.postgresql.jdbc.PgConnection@1df06ecd
2025-01-11T17:20:27.473Z  INFO 32672 --- [workout-planner] [           main] com.zaxxer.hikari.HikariDataSource       : HikariPool-1 - Start completed.
2025-01-11T17:20:27.905Z  INFO 32672 --- [workout-planner] [           main] o.hibernate.jpa.internal.util.LogHelper  : HHH000204: Processing PersistenceUnitInfo [name: default]
2025-01-11T17:20:28.065Z  INFO 32672 --- [workout-planner] [           main] org.hibernate.Version                    : HHH000412: Hibernate ORM core version 6.5.3.Final
2025-01-11T17:20:28.112Z  INFO 32672 --- [workout-planner] [           main] o.h.c.internal.RegionFactoryInitiator    : HHH000026: Second-level cache disabled
2025-01-11T17:20:28.278Z  WARN 32672 --- [workout-planner] [           main] org.hibernate.orm.deprecation            : HHH90000025: PostgreSQLDialect does not need to be specified explicitly using 'hibernate.dialect' (remove the property setting and it will be selected by default)
2025-01-11T17:20:28.555Z  INFO 32672 --- [workout-planner] [           main] o.s.o.j.p.SpringPersistenceUnitInfo      : No LoadTimeWeaver setup: ignoring JPA class transformer
2025-01-11T17:20:29.663Z  INFO 32672 --- [workout-planner] [           main] o.h.e.t.j.p.i.JtaPlatformInitiator       : HHH000489: No JTA platform available (set 'hibernate.transaction.jta.platform' to enable JTA platform integration)
2025-01-11T17:20:29.663Z  INFO 32672 --- [workout-planner] [           main] j.LocalContainerEntityManagerFactoryBean : Initialized JPA EntityManagerFactory for persistence unit 'default'
2025-01-11T17:20:30.084Z  INFO 32672 --- [workout-planner] [           main] o.s.d.j.r.query.QueryEnhancerFactory     : Hibernate is in classpath; If applicable, HQL parser will be used.
2025-01-11T17:20:30.907Z  INFO 32672 --- [workout-planner] [           main] p.ExerciseCategoryPersistenceAdapterTest : Started ExerciseCategoryPersistenceAdapterTest in 6.775 seconds (process running for 13.762)
Hibernate: select ecje1_0.id,ecje1_0.created_at,ecje1_0.name,o1_0.id,o1_0.email,o1_0.first_name,o1_0.last_name from public.exercise_categories ecje1_0 left join public.users o1_0 on o1_0.id=ecje1_0.owner where ecje1_0.id=?
Hibernate: select uje1_0.id,uje1_0.email,uje1_0.first_name,uje1_0.last_name from public.users uje1_0 where uje1_0.id=?
]]></system-out>
    <system-err><![CDATA[WARNING: A Java agent has been loaded dynamically (C:\Users\JimBob\.m2\repository\net\bytebuddy\byte-buddy-agent\1.14.19\byte-buddy-agent-1.14.19.jar)
WARNING: If a serviceability tool is in use, please run with -XX:+EnableDynamicAgentLoading to hide this warning
WARNING: If a serviceability tool is not in use, please run with -Djdk.instrument.traceUsage for more information
WARNING: Dynamic loading of agents will be disallowed by default in a future release
]]></system-err>
  </testcase>
  <testcase name="shouldRetrieveExerciseCategoriesSuccessfully" classname="com.workout_planner_service.infrastructure.adapters.outbound.persistence.ExerciseCategoryPersistenceAdapterTest" time="0.123">
    <system-out><![CDATA[Hibernate: select ecje1_0.id,ecje1_0.created_at,ecje1_0.name,ecje1_0.owner from public.exercise_categories ecje1_0 where ecje1_0.owner=?
Hibernate: select uje1_0.id,uje1_0.email,uje1_0.first_name,uje1_0.last_name from public.users uje1_0 where uje1_0.id=?
]]></system-out>
  </testcase>
  <testcase name="shouldRetrieveExerciseCategoryById" classname="com.workout_planner_service.infrastructure.adapters.outbound.persistence.ExerciseCategoryPersistenceAdapterTest" time="0.02">
    <system-out><![CDATA[Hibernate: select ecje1_0.id,ecje1_0.created_at,ecje1_0.name,o1_0.id,o1_0.email,o1_0.first_name,o1_0.last_name from public.exercise_categories ecje1_0 left join public.users o1_0 on o1_0.id=ecje1_0.owner where ecje1_0.id=?
]]></system-out>
  </testcase>
  <testcase name="shouldThrowExceptionWhenExerciseCategoryIdIsNullForGet" classname="com.workout_planner_service.infrastructure.adapters.outbound.persistence.ExerciseCategoryPersistenceAdapterTest" time="0.005"/>
  <testcase name="shouldThrowExceptionIfExerciseCategoryIsNull" classname="com.workout_planner_service.infrastructure.adapters.outbound.persistence.ExerciseCategoryPersistenceAdapterTest" time="0.004"/>
  <testcase name="shouldSaveAExerciseCategory" classname="com.workout_planner_service.infrastructure.adapters.outbound.persistence.ExerciseCategoryPersistenceAdapterTest" time="0.019">
    <system-out><![CDATA[Hibernate: select ecje1_0.id,ecje1_0.created_at,ecje1_0.name,o1_0.id,o1_0.email,o1_0.first_name,o1_0.last_name from public.exercise_categories ecje1_0 left join public.users o1_0 on o1_0.id=ecje1_0.owner where ecje1_0.id=?
Hibernate: select uje1_0.id,uje1_0.email,uje1_0.first_name,uje1_0.last_name from public.users uje1_0 where uje1_0.id=?
]]></system-out>
  </testcase>
  <testcase name="shouldThrowExceptionWhenUserIdIsNull" classname="com.workout_planner_service.infrastructure.adapters.outbound.persistence.ExerciseCategoryPersistenceAdapterTest" time="0.007"/>
  <testcase name="shouldThrowExceptionWhenExerciseCategoryIdIsNullForDelete" classname="com.workout_planner_service.infrastructure.adapters.outbound.persistence.ExerciseCategoryPersistenceAdapterTest" time="0.005"/>
</testsuite>